  [1m[35m (35.2ms)[0m  [1m[35mCREATE TABLE "schema_migrations" ("version" varchar NOT NULL PRIMARY KEY)[0m
  [1m[35m (33.8ms)[0m  [1m[35mCREATE TABLE "ar_internal_metadata" ("key" varchar NOT NULL PRIMARY KEY, "value" varchar, "created_at" datetime NOT NULL, "updated_at" datetime NOT NULL)[0m
  [1m[36mActiveRecord::SchemaMigration Load (3.1ms)[0m  [1m[34mSELECT "schema_migrations".* FROM "schema_migrations"[0m
Migrating to CreateMovies (20170124223332)
  [1m[35m (0.1ms)[0m  [1m[36mbegin transaction[0m
  [1m[35m (11.9ms)[0m  [1m[35mCREATE TABLE "movies" ("id" INTEGER PRIMARY KEY AUTOINCREMENT NOT NULL, "title" varchar, "description" text, "release_date" datetime, "created_at" datetime NOT NULL, "updated_at" datetime NOT NULL)[0m
  [1m[35mSQL (0.2ms)[0m  [1m[32mINSERT INTO "schema_migrations" ("version") VALUES (?)[0m  [["version", "20170124223332"]]
  [1m[35m (49.5ms)[0m  [1m[36mcommit transaction[0m
  [1m[36mActiveRecord::InternalMetadata Load (3.8ms)[0m  [1m[34mSELECT  "ar_internal_metadata".* FROM "ar_internal_metadata" WHERE "ar_internal_metadata"."key" = ? LIMIT ?[0m  [["key", :environment], ["LIMIT", 1]]
  [1m[35m (0.1ms)[0m  [1m[36mbegin transaction[0m
  [1m[35mSQL (5.6ms)[0m  [1m[32mINSERT INTO "ar_internal_metadata" ("key", "value", "created_at", "updated_at") VALUES (?, ?, ?, ?)[0m  [["key", "environment"], ["value", "development"], ["created_at", 2017-01-24 22:44:35 UTC], ["updated_at", 2017-01-24 22:44:35 UTC]]
  [1m[35m (42.2ms)[0m  [1m[36mcommit transaction[0m
  [1m[36mActiveRecord::SchemaMigration Load (7.2ms)[0m  [1m[34mSELECT "schema_migrations".* FROM "schema_migrations"[0m
  [1m[35m (0.0ms)[0m  [1m[36mbegin transaction[0m
  [1m[35mSQL (7.4ms)[0m  [1m[32mINSERT INTO "movies" ("title", "release_date", "created_at", "updated_at") VALUES (?, ?, ?, ?)[0m  [["title", "Star Wars"], ["release_date", 1977-04-25 00:00:00 UTC], ["created_at", 2017-01-24 22:53:31 UTC], ["updated_at", 2017-01-24 22:53:31 UTC]]
  [1m[35m (30.2ms)[0m  [1m[36mcommit transaction[0m
  [1m[35m (0.1ms)[0m  [1m[36mbegin transaction[0m
  [1m[35mSQL (7.0ms)[0m  [1m[32mINSERT INTO "movies" ("title", "release_date", "created_at", "updated_at") VALUES (?, ?, ?, ?)[0m  [["title", "Avatar"], ["release_date", 2009-12-10 00:00:00 UTC], ["created_at", 2017-01-24 22:56:39 UTC], ["updated_at", 2017-01-24 22:56:39 UTC]]
  [1m[35m (26.7ms)[0m  [1m[36mcommit transaction[0m
  [1m[35m (0.2ms)[0m  [1m[36mbegin transaction[0m
  [1m[35mSQL (8.8ms)[0m  [1m[32mINSERT INTO "movies" ("title", "created_at", "updated_at") VALUES (?, ?, ?)[0m  [["title", "Requiem for a Dream"], ["created_at", 2017-01-24 22:57:30 UTC], ["updated_at", 2017-01-24 22:57:30 UTC]]
  [1m[35m (34.3ms)[0m  [1m[36mcommit transaction[0m
  [1m[35m (0.2ms)[0m  [1m[36mbegin transaction[0m
  [1m[35mSQL (9.1ms)[0m  [1m[33mUPDATE "movies" SET "release_date" = ?, "updated_at" = ? WHERE "movies"."id" = ?[0m  [["release_date", 2012-04-30 00:00:00 UTC], ["updated_at", 2017-01-24 22:58:44 UTC], ["id", 3]]
  [1m[35m (39.4ms)[0m  [1m[36mcommit transaction[0m
  [1m[35m (7.9ms)[0m  [1m[34mSELECT COUNT(*) FROM "movies"[0m
  [1m[36mMovie Load (7.2ms)[0m  [1m[34mSELECT "movies".* FROM "movies" WHERE "movies"."title" = ?[0m  [["title", "Avatar"]]
  [1m[36mMovie Load (8.3ms)[0m  [1m[34mSELECT "movies".* FROM "movies" WHERE (release_date> '2010-10-10')[0m
  [1m[35m (7.9ms)[0m  [1m[34mSELECT COUNT(*) FROM "movies"[0m
  [1m[36mActiveRecord::SchemaMigration Load (3.6ms)[0m  [1m[34mSELECT "schema_migrations".* FROM "schema_migrations"[0m
  [1m[36mActiveRecord::SchemaMigration Load (3.9ms)[0m  [1m[34mSELECT "schema_migrations".* FROM "schema_migrations"[0m
  [1m[36mActiveRecord::SchemaMigration Load (3.5ms)[0m  [1m[34mSELECT "schema_migrations".* FROM "schema_migrations"[0m
  [1m[35m (0.1ms)[0m  [1m[36mbegin transaction[0m
  [1m[35mSQL (8.9ms)[0m  [1m[32mINSERT INTO "movies" ("title", "release_date", "created_at", "updated_at") VALUES (?, ?, ?, ?)[0m  [["title", "Alladin"], ["release_date", 1992-11-25 00:00:00 UTC], ["created_at", 2017-01-24 23:35:40 UTC], ["updated_at", 2017-01-24 23:35:40 UTC]]
  [1m[35m (47.0ms)[0m  [1m[36mcommit transaction[0m
  [1m[35m (0.1ms)[0m  [1m[36mbegin transaction[0m
  [1m[35mSQL (6.1ms)[0m  [1m[32mINSERT INTO "movies" ("title", "release_date", "created_at", "updated_at") VALUES (?, ?, ?, ?)[0m  [["title", "When Harry Met Sally"], ["release_date", 1989-07-21 00:00:00 UTC], ["created_at", 2017-01-24 23:35:40 UTC], ["updated_at", 2017-01-24 23:35:40 UTC]]
  [1m[35m (55.6ms)[0m  [1m[36mcommit transaction[0m
  [1m[35m (0.2ms)[0m  [1m[36mbegin transaction[0m
  [1m[35mSQL (5.8ms)[0m  [1m[32mINSERT INTO "movies" ("title", "release_date", "created_at", "updated_at") VALUES (?, ?, ?, ?)[0m  [["title", "The Help"], ["release_date", 2011-08-10 00:00:00 UTC], ["created_at", 2017-01-24 23:35:40 UTC], ["updated_at", 2017-01-24 23:35:40 UTC]]
  [1m[35m (43.9ms)[0m  [1m[36mcommit transaction[0m
  [1m[35m (0.1ms)[0m  [1m[36mbegin transaction[0m
  [1m[35mSQL (5.3ms)[0m  [1m[32mINSERT INTO "movies" ("title", "release_date", "created_at", "updated_at") VALUES (?, ?, ?, ?)[0m  [["title", "Raiders of the Lost Ark"], ["release_date", 1981-06-12 00:00:00 UTC], ["created_at", 2017-01-24 23:35:40 UTC], ["updated_at", 2017-01-24 23:35:40 UTC]]
  [1m[35m (44.5ms)[0m  [1m[36mcommit transaction[0m
  [1m[36mActiveRecord::SchemaMigration Load (4.1ms)[0m  [1m[34mSELECT "schema_migrations".* FROM "schema_migrations"[0m
Migrating to CreateProfessionals (20170124234219)
  [1m[35m (0.0ms)[0m  [1m[36mbegin transaction[0m
  [1m[35m (38.7ms)[0m  [1m[35mCREATE TABLE "professionals" ("id" INTEGER PRIMARY KEY AUTOINCREMENT NOT NULL, "name" varchar, "birthdate" datetime, "gender" varchar, "country" varchar, "type" varchar, "created_at" datetime NOT NULL, "updated_at" datetime NOT NULL)[0m
  [1m[35mSQL (2.8ms)[0m  [1m[32mINSERT INTO "schema_migrations" ("version") VALUES (?)[0m  [["version", "20170124234219"]]
  [1m[35m (55.1ms)[0m  [1m[36mcommit transaction[0m
  [1m[36mActiveRecord::InternalMetadata Load (4.3ms)[0m  [1m[34mSELECT  "ar_internal_metadata".* FROM "ar_internal_metadata" WHERE "ar_internal_metadata"."key" = ? LIMIT ?[0m  [["key", :environment], ["LIMIT", 1]]
  [1m[35m (0.2ms)[0m  [1m[36mbegin transaction[0m
  [1m[35m (0.1ms)[0m  [1m[36mcommit transaction[0m
  [1m[36mActiveRecord::SchemaMigration Load (9.1ms)[0m  [1m[34mSELECT "schema_migrations".* FROM "schema_migrations"[0m
